0 info it worked if it ends with ok
1 verbose cli [ '/usr/local/bin/node', '/usr/local/bin/npm', 'publish' ]
2 info using npm@1.4.28
3 info using node@v0.10.32
4 verbose publish [ '.' ]
5 verbose cache add [ '.', null ]
6 verbose cache add name=undefined spec="." args=[".",null]
7 verbose parsed url { protocol: null,
7 verbose parsed url   slashes: null,
7 verbose parsed url   auth: null,
7 verbose parsed url   host: null,
7 verbose parsed url   port: null,
7 verbose parsed url   hostname: null,
7 verbose parsed url   hash: null,
7 verbose parsed url   search: null,
7 verbose parsed url   query: null,
7 verbose parsed url   pathname: '.',
7 verbose parsed url   path: '.',
7 verbose parsed url   href: '.' }
8 silly lockFile 3a52ce78- .
9 verbose lock . /home/victorqueiroz/.npm/3a52ce78-.lock
10 verbose tar pack [ '/home/victorqueiroz/.npm/gulp-ng-templates/0.0.2/package.tgz',
10 verbose tar pack   '.' ]
11 verbose tarball /home/victorqueiroz/.npm/gulp-ng-templates/0.0.2/package.tgz
12 verbose folder .
13 info prepublish gulp-ng-templates@0.0.2
14 silly lockFile 1f1177db-tar tar://.
15 verbose lock tar://. /home/victorqueiroz/.npm/1f1177db-tar.lock
16 silly lockFile 2cdd2551-p-ng-templates-0-0-2-package-tgz tar:///home/victorqueiroz/.npm/gulp-ng-templates/0.0.2/package.tgz
17 verbose lock tar:///home/victorqueiroz/.npm/gulp-ng-templates/0.0.2/package.tgz /home/victorqueiroz/.npm/2cdd2551-p-ng-templates-0-0-2-package-tgz.lock
18 silly lockFile 1f1177db-tar tar://.
19 silly lockFile 1f1177db-tar tar://.
20 silly lockFile 2cdd2551-p-ng-templates-0-0-2-package-tgz tar:///home/victorqueiroz/.npm/gulp-ng-templates/0.0.2/package.tgz
21 silly lockFile 2cdd2551-p-ng-templates-0-0-2-package-tgz tar:///home/victorqueiroz/.npm/gulp-ng-templates/0.0.2/package.tgz
22 silly lockFile 2a99a34e--gulp-ng-templates-0-0-2-package /home/victorqueiroz/.npm/gulp-ng-templates/0.0.2/package
23 verbose lock /home/victorqueiroz/.npm/gulp-ng-templates/0.0.2/package /home/victorqueiroz/.npm/2a99a34e--gulp-ng-templates-0-0-2-package.lock
24 silly lockFile 2a99a34e--gulp-ng-templates-0-0-2-package /home/victorqueiroz/.npm/gulp-ng-templates/0.0.2/package
25 silly lockFile 2a99a34e--gulp-ng-templates-0-0-2-package /home/victorqueiroz/.npm/gulp-ng-templates/0.0.2/package
26 silly lockFile 3a52ce78- .
27 silly lockFile 3a52ce78- .
28 silly publish { name: 'gulp-ng-templates',
28 silly publish   version: '0.0.2',
28 silly publish   description: 'Build all of your angular templates in just one js file using $templateCache provider',
28 silly publish   main: 'index.js',
28 silly publish   scripts: { test: 'echo "Error: no test specified" && exit 1' },
28 silly publish   repository:
28 silly publish    { type: 'git',
28 silly publish      url: 'https://github.com/VictorQueiroz/gulp-ng-templates' },
28 silly publish   keywords:
28 silly publish    [ 'gulpplugin',
28 silly publish      'gulp',
28 silly publish      'angular',
28 silly publish      'angularjs',
28 silly publish      'ng',
28 silly publish      'html2js',
28 silly publish      'templatecache' ],
28 silly publish   author: { name: 'Victor Queiroz', email: 'victorcqueirozg@gmail.com' },
28 silly publish   license: 'MIT',
28 silly publish   bugs: { url: 'https://github.com/VictorQueiroz/gulp-ng-templates/issues' },
28 silly publish   homepage: 'https://github.com/VictorQueiroz/gulp-ng-templates',
28 silly publish   dependencies:
28 silly publish    { 'event-stream': '^3.1.7',
28 silly publish      'gulp-concat': '^2.3.4',
28 silly publish      'gulp-footer': '^1.0.5',
28 silly publish      'gulp-header': '^1.0.5',
28 silly publish      'gulp-util': '^3.0.1',
28 silly publish      jade: '^1.7.0',
28 silly publish      'js-string-escape': '^1.0.0',
28 silly publish      path: '^0.4.9',
28 silly publish      underscore: '^1.7.0' },
28 silly publish   devDependencies: { mocha: '^1.21.4', vinyl: '^0.4.3' },
28 silly publish   readme: 'gulp-ng-templates\n=================\n\nBuild all of your angular templates in just one js file using $templateCache provider\n\n## Installation\n```\nnpm install --save-dev gulp-ng-templates\n```\n\n## Example 1\n\n```js\nvar gulp = require(\'gulp\');\nvar ngTemplates = require(\'gulp-ng-templates\');\n\ngulp.task(\'partials\', [\'clean\'], function () {\n\treturn gulp.src(paths.partials)\n\t\t.pipe(htmlmin({collapseWhitespace: true}))\n\t\t.pipe(ngTemplates({\n\t\t\tfilename: \'partials.js\',\n\t\t\tmodule: \'App/Partials\',\n\t\t\tpath: function (path, base) {\n\t\t\t\treturn path.replace(base, \'\').replace(\'/partials\', \'\');\n\t\t\t}\n\t\t}))\n\t\t.pipe(uglify())\n\t\t.pipe(rename({\n\t\t\tsuffix: \'.min\'\n\t\t}))\n\t\t.pipe(gulp.dest(\'public/js\'));\n});\n```\n\n## Example 2\n\n```js\nvar gulp = require(\'gulp\');\nvar ngTemplates = require(\'gulp-ng-templates\');\n\ngulp.task(\'partials\', [\'clean\'], function () {\n\treturn gulp.src(paths.partials)\n\t\t.pipe(htmlmin({collapseWhitespace: true}))\n\t\t.pipe(ngTemplates(\'moduleName\'))\n\t\t// .pipe(ngTemplates(\'moduleName\', \'fileName.js\'))\n\t\t.pipe(uglify())\n\t\t.pipe(rename({\n\t\t\tsuffix: \'.min\'\n\t\t}))\n\t\t.pipe(gulp.dest(\'public/js\'));\n});\n```\n\n## API\n\ngulp-ng-templates ([options](#options))\n\n----\n\n### options\n\n#### path - {function} [path=file.path, file.base]\n\n> Change the path of your partials. (See the example above)\n\n> If you not set this option it will automatically replace all of the file base path with nothing.\n\n#### standalone - {boolean} (default: true)\n\n> Create a new AngularJS module, instead of using an existing one.\n\n#### module - {string}\n\n> Provides the module name, by default we use \'templates\'\n\n#### engine - {string}\n\n> Build the templates which are in a specific engine\n\n- html\n- jade',
28 silly publish   readmeFilename: 'README.md',
28 silly publish   gitHead: '2276b04f66d423361f5c9a1ed942fdec51f341d2',
28 silly publish   _id: 'gulp-ng-templates@0.0.2',
28 silly publish   _shasum: '332976c01a63bd17d47aa96a600c8ed9169b1137',
28 silly publish   _from: '.' }
29 verbose request where is /gulp-ng-templates
30 verbose request registry https://registry.npmjs.org/
31 verbose request id d0c1c112b9e6dd4f
32 verbose url raw /gulp-ng-templates
33 verbose url resolving [ 'https://registry.npmjs.org/', './gulp-ng-templates' ]
34 verbose url resolved https://registry.npmjs.org/gulp-ng-templates
35 verbose request where is https://registry.npmjs.org/gulp-ng-templates
36 info trying registry request attempt 1 at 03:32:26
37 http PUT https://registry.npmjs.org/gulp-ng-templates
38 http 403 https://registry.npmjs.org/gulp-ng-templates
39 verbose headers { date: 'Tue, 30 Sep 2014 06:32:29 GMT',
39 verbose headers   server: 'CouchDB/1.5.0 (Erlang OTP/R16B03)',
39 verbose headers   'content-type': 'application/json',
39 verbose headers   'cache-control': 'max-age=60',
39 verbose headers   'content-length': '5611',
39 verbose headers   'accept-ranges': 'bytes',
39 verbose headers   via: '1.1 varnish',
39 verbose headers   'x-served-by': 'cache-jfk1021-JFK',
39 verbose headers   'x-cache': 'MISS',
39 verbose headers   'x-cache-hits': '0',
39 verbose headers   'x-timer': 'S1412058749.489289,VS0,VE395',
39 verbose headers   'keep-alive': 'timeout=10, max=50',
39 verbose headers   connection: 'Keep-Alive' }
40 error publish Failed PUT 403
41 error Error: forbidden cannot modify pre-existing version: 0.0.2
41 error old={"name":"gulp-ng-templates","version":"0.0.2","description":"Build all of your angular templates in just one js file using $templateCache provider","main":"index.js","scripts":{"test":"echo \"Error: no test specified\" && exit 1"},"repository":{"type":"git","url":"https://github.com/VictorQueiroz/gulp-ng-templates"},"keywords":["gulpplugin","gulp","angular","angularjs","ng","html2js","templatecache"],"author":{"name":"Victor Queiroz","email":"victorcqueirozg@gmail.com"},"license":"MIT","bugs":{"url":"https://github.com/VictorQueiroz/gulp-ng-templates/issues"},"homepage":"https://github.com/VictorQueiroz/gulp-ng-templates","dependencies":{"event-stream":"^3.1.7","gulp-concat":"^2.3.4","gulp-footer":"^1.0.5","gulp-header":"^1.0.5","gulp-util":"^3.0.1","js-string-escape":"^1.0.0","path":"^0.4.9"},"devDependencies":{},"gitHead":"2ae2cc5ed7135858410f2239855d286092e7eb61","_id":"gulp-ng-templates@0.0.2","_shasum":"05f03307e9585520346cd68be54ac4f2d0d8d9a2","_from":"gulp-ng-templates","_npmVersion":"1.4.21","_npmUser":{"name":"victorqueiroz","email":"victorcqueirozg@gmail.com"},"maintainers":[{"name":"victorqueiroz","email":"victorcqueirozg@gmail.com"}],"dist":{"shasum":"05f03307e9585520346cd68be54ac4f2d0d8d9a2","tarball":"http://registry.npmjs.org/gulp-ng-templates/-/gulp-ng-templates-0.0.2.tgz"}}
41 error new={"name":"gulp-ng-templates","version":"0.0.2","description":"Build all of your angular templates in just one js file using $templateCache provider","main":"index.js","scripts":{"test":"echo \"Error: no test specified\" && exit 1"},"repository":{"type":"git","url":"https://github.com/VictorQueiroz/gulp-ng-templates"},"keywords":["gulpplugin","gulp","angular","angularjs","ng","html2js","templatecache"],"author":{"name":"Victor Queiroz","email":"victorcqueirozg@gmail.com"},"license":"MIT","bugs":{"url":"https://github.com/VictorQueiroz/gulp-ng-templates/issues"},"homepage":"https://github.com/VictorQueiroz/gulp-ng-templates","dependencies":{"event-stream":"^3.1.7","gulp-concat":"^2.3.4","gulp-footer":"^1.0.5","gulp-header":"^1.0.5","gulp-util":"^3.0.1","jade":"^1.7.0","js-string-escape":"^1.0.0","path":"^0.4.9","underscore":"^1.7.0"},"devDependencies":{"mocha":"^1.21.4","vinyl":"^0.4.3"},"readme":"gulp-ng-templates\u000a=================\u000a\u000aBuild all of your angular templates in just one js file using $templateCache provider\u000a\u000a## Installation\u000a```\u000anpm install --save-dev gulp-ng-templates\u000a```\u000a\u000a## Example 1\u000a\u000a```js\u000avar gulp = require('gulp');\u000avar ngTemplates = require('gulp-ng-templates');\u000a\u000agulp.task('partials', ['clean'], function () {\u000a\u0009return gulp.src(paths.partials)\u000a\u0009\u0009.pipe(htmlmin({collapseWhitespace: true}))\u000a\u0009\u0009.pipe(ngTemplates({\u000a\u0009\u0009\u0009filename: 'partials.js',\u000a\u0009\u0009\u0009module: 'App/Partials',\u000a\u0009\u0009\u0009path: function (path, base) {\u000a\u0009\u0009\u0009\u0009return path.replace(base, '').replace('/partials', '');\u000a\u0009\u0009\u0009}\u000a\u0009\u0009}))\u000a\u0009\u0009.pipe(uglify())\u000a\u0009\u0009.pipe(rename({\u000a\u0009\u0009\u0009suffix: '.min'\u000a\u0009\u0009}))\u000a\u0009\u0009.pipe(gulp.dest('public/js'));\u000a});\u000a```\u000a\u000a## Example 2\u000a\u000a```js\u000avar gulp = require('gulp');\u000avar ngTemplates = require('gulp-ng-templates');\u000a\u000agulp.task('partials', ['clean'], function () {\u000a\u0009return gulp.src(paths.partials)\u000a\u0009\u0009.pipe(htmlmin({collapseWhitespace: true}))\u000a\u0009\u0009.pipe(ngTemplates('moduleName'))\u000a\u0009\u0009// .pipe(ngTemplates('moduleName', 'fileName.js'))\u000a\u0009\u0009.pipe(uglify())\u000a\u0009\u0009.pipe(rename({\u000a\u0009\u0009\u0009suffix: '.min'\u000a\u0009\u0009}))\u000a\u0009\u0009.pipe(gulp.dest('public/js'));\u000a});\u000a```\u000a\u000a## API\u000a\u000agulp-ng-templates ([options](#options))\u000a\u000a----\u000a\u000a### options\u000a\u000a#### path - {function} [path=file.path, file.base]\u000a\u000a> Change the path of your partials. (See the example above)\u000a\u000a> If you not set this option it will automatically replace all of the file base path with nothing.\u000a\u000a#### standalone - {boolean} (default: true)\u000a\u000a> Create a new AngularJS module, instead of using an existing one.\u000a\u000a#### module - {string}\u000a\u000a> Provides the module name, by default we use 'templates'\u000a\u000a#### engine - {string}\u000a\u000a> Build the templates which are in a specific engine\u000a\u000a- html\u000a- jade","readmeFilename":"README.md","gitHead":"2276b04f66d423361f5c9a1ed942fdec51f341d2","_id":"gulp-ng-templates@0.0.2","_shasum":"332976c01a63bd17d47aa96a600c8ed9169b1137","_from":".","_npmVersion":"1.4.28","_npmUser":{"name":"victorqueiroz","email":"victorcqueirozg@gmail.com"},"maintainers":[{"name":"victorqueiroz","email":"victorcqueirozg@gmail.com"}],"dist":{"shasum":"332976c01a63bd17d47aa96a600c8ed9169b1137","tarball":"http://registry.npmjs.org/gulp-ng-templates/-/gulp-ng-templates-0.0.2.tgz"}}: gulp-ng-templates
41 error     at RegClient.<anonymous> (/usr/local/lib/node_modules/npm/node_modules/npm-registry-client/lib/request.js:308:14)
41 error     at Request._callback (/usr/local/lib/node_modules/npm/node_modules/npm-registry-client/lib/request.js:246:65)
41 error     at Request.self.callback (/usr/local/lib/node_modules/npm/node_modules/request/request.js:236:22)
41 error     at Request.emit (events.js:98:17)
41 error     at Request.<anonymous> (/usr/local/lib/node_modules/npm/node_modules/request/request.js:1142:14)
41 error     at Request.emit (events.js:117:20)
41 error     at IncomingMessage.<anonymous> (/usr/local/lib/node_modules/npm/node_modules/request/request.js:1096:12)
41 error     at IncomingMessage.emit (events.js:117:20)
41 error     at _stream_readable.js:943:16
41 error     at process._tickCallback (node.js:419:13)
42 error If you need help, you may report this *entire* log,
42 error including the npm and node versions, at:
42 error     <http://github.com/npm/npm/issues>
43 error System Linux 3.16-2-amd64
44 error command "/usr/local/bin/node" "/usr/local/bin/npm" "publish"
45 error cwd /home/victorqueiroz/public_html/gulp-ng-templates
46 error node -v v0.10.32
47 error npm -v 1.4.28
48 verbose exit [ 1, true ]
